<?xml version="1.0" encoding="UTF-8"?>
<!-- Generated by org.testng.reporters.JUnitReportReporter -->
<testsuite hostname="Lenovo-PC" failures="0" tests="1" name="TestRunner.MyTestRunner" time="14.003" errors="0" timestamp="2024-07-12T16:01:19 AEST" skipped="0">
  <testcase classname="TestRunner.MyTestRunner" name="runScenario" time="14.003"/>
  <system-out/>
</testsuite> <!-- TestRunner.MyTestRunner -->
