<?xml version="1.0" encoding="UTF-8"?>
<!-- Generated by org.testng.reporters.JUnitReportReporter -->
<testsuite hostname="Lenovo-PC" failures="0" tests="1" name="TestRunner.MyTestRunner" time="7.147" errors="0" timestamp="2024-07-03T11:11:37 AEST" skipped="0">
  <testcase classname="TestRunner.MyTestRunner" name="runScenario" time="7.147"/>
  <system-out/>
</testsuite> <!-- TestRunner.MyTestRunner -->
